<?xml version="1.0" encoding="UTF-8"?>
<!-- Generated by org.testng.reporters.JUnitReportReporter -->
<testsuite hostname="DESKTOP-IUVOT87" failures="0" tests="11" name="com.sportsocial.Homemodule.UploadMutilpestatus" time="16.316" errors="1" timestamp="2022-12-09T10:29:17 IST" skipped="10">
  <testcase classname="com.sportsocial.Homemodule.UploadMutilpestatus" name="UploadMutilpestatu" time="0.000">
    <skipped/>
  </testcase> <!-- UploadMutilpestatu -->
  <testcase classname="com.sportsocial.Homemodule.UploadMutilpestatus" name="UploadMutilpestatu" time="0.000">
    <skipped/>
  </testcase> <!-- UploadMutilpestatu -->
  <testcase classname="com.sportsocial.Homemodule.UploadMutilpestatus" name="UploadMutilpestatu" time="0.000">
    <skipped/>
  </testcase> <!-- UploadMutilpestatu -->
  <testcase classname="com.sportsocial.Homemodule.UploadMutilpestatus" name="UploadMutilpestatu" time="0.000">
    <skipped/>
  </testcase> <!-- UploadMutilpestatu -->
  <testcase classname="com.sportsocial.Homemodule.UploadMutilpestatus" name="UploadMutilpestatu" time="0.000">
    <skipped/>
  </testcase> <!-- UploadMutilpestatu -->
  <testcase classname="com.sportsocial.Homemodule.UploadMutilpestatus" name="UploadMutilpestatu" time="0.000">
    <skipped/>
  </testcase> <!-- UploadMutilpestatu -->
  <testcase classname="com.sportsocial.Homemodule.UploadMutilpestatus" name="UploadMutilpestatu" time="0.000">
    <skipped/>
  </testcase> <!-- UploadMutilpestatu -->
  <testcase classname="com.sportsocial.Homemodule.UploadMutilpestatus" name="UploadMutilpestatu" time="0.000">
    <skipped/>
  </testcase> <!-- UploadMutilpestatu -->
  <testcase classname="com.sportsocial.Homemodule.UploadMutilpestatus" name="OpenApllication" time="16.316">
    <error message="unknown error: net::ERR_INTERNET_DISCONNECTED
  (Session info: chrome=108.0.5359.96)
Build info: version: &#039;4.4.0&#039;, revision: &#039;e5c75ed026a&#039;
System info: host: &#039;DESKTOP-IUVOT87&#039;, ip: &#039;169.254.2.221&#039;, os.name: &#039;Windows 10&#039;, os.arch: &#039;amd64&#039;, os.version: &#039;10.0&#039;, java.version: &#039;18.0.1&#039;
Driver info: org.openqa.selenium.chrome.ChromeDriver
Command: [79380ba9bcc0332c0347f2db11ab4d77, get {url=http://rmgtestingserver/domain/Bio_Book/}]
Capabilities {acceptInsecureCerts: false, browserName: chrome, browserVersion: 108.0.5359.96, chrome: {chromedriverVersion: 108.0.5359.22 (ec46c90f5938..., userDataDir: C:\Users\Admin\AppData\Loca...}, goog:chromeOptions: {debuggerAddress: localhost:64734}, networkConnectionEnabled: false, pageLoadStrategy: normal, platformName: WINDOWS, proxy: Proxy(), se:cdp: ws://localhost:64734/devtoo..., se:cdpVersion: 108.0.5359.96, setWindowRect: true, strictFileInteractability: false, timeouts: {implicit: 0, pageLoad: 300000, script: 30000}, unhandledPromptBehavior: dismiss and notify, webauthn:extension:credBlob: true, webauthn:extension:largeBlob: true, webauthn:virtualAuthenticators: true}
Session ID: 79380ba9bcc0332c0347f2db11ab4d77" type="org.openqa.selenium.WebDriverException">
      <![CDATA[org.openqa.selenium.WebDriverException: unknown error: net::ERR_INTERNET_DISCONNECTED
  (Session info: chrome=108.0.5359.96)
Build info: version: '4.4.0', revision: 'e5c75ed026a'
System info: host: 'DESKTOP-IUVOT87', ip: '169.254.2.221', os.name: 'Windows 10', os.arch: 'amd64', os.version: '10.0', java.version: '18.0.1'
Driver info: org.openqa.selenium.chrome.ChromeDriver
Command: [79380ba9bcc0332c0347f2db11ab4d77, get {url=http://rmgtestingserver/domain/Bio_Book/}]
Capabilities {acceptInsecureCerts: false, browserName: chrome, browserVersion: 108.0.5359.96, chrome: {chromedriverVersion: 108.0.5359.22 (ec46c90f5938..., userDataDir: C:\Users\Admin\AppData\Loca...}, goog:chromeOptions: {debuggerAddress: localhost:64734}, networkConnectionEnabled: false, pageLoadStrategy: normal, platformName: WINDOWS, proxy: Proxy(), se:cdp: ws://localhost:64734/devtoo..., se:cdpVersion: 108.0.5359.96, setWindowRect: true, strictFileInteractability: false, timeouts: {implicit: 0, pageLoad: 300000, script: 30000}, unhandledPromptBehavior: dismiss and notify, webauthn:extension:credBlob: true, webauthn:extension:largeBlob: true, webauthn:virtualAuthenticators: true}
Session ID: 79380ba9bcc0332c0347f2db11ab4d77
at java.base/jdk.internal.reflect.DirectConstructorHandleAccessor.newInstance(DirectConstructorHandleAccessor.java:67)
at java.base/java.lang.reflect.Constructor.newInstanceWithCaller(Constructor.java:499)
at java.base/java.lang.reflect.Constructor.newInstance(Constructor.java:483)
at org.openqa.selenium.remote.codec.w3c.W3CHttpResponseCodec.createException(W3CHttpResponseCodec.java:200)
at org.openqa.selenium.remote.codec.w3c.W3CHttpResponseCodec.decode(W3CHttpResponseCodec.java:133)
at org.openqa.selenium.remote.codec.w3c.W3CHttpResponseCodec.decode(W3CHttpResponseCodec.java:53)
at org.openqa.selenium.remote.HttpCommandExecutor.execute(HttpCommandExecutor.java:184)
at org.openqa.selenium.remote.service.DriverCommandExecutor.invokeExecute(DriverCommandExecutor.java:167)
at org.openqa.selenium.remote.service.DriverCommandExecutor.execute(DriverCommandExecutor.java:142)
at org.openqa.selenium.remote.RemoteWebDriver.execute(RemoteWebDriver.java:547)
at org.openqa.selenium.remote.RemoteWebDriver.get(RemoteWebDriver.java:310)
at com.sportsocial.genaricUtility.WebDriverutil.openBrowser(WebDriverutil.java:75)
at com.sportsocial.genaricUtility.TestngBaseClass.OpenApllication(TestngBaseClass.java:49)
at java.base/jdk.internal.reflect.DirectMethodHandleAccessor.invoke(DirectMethodHandleAccessor.java:104)
at java.base/java.lang.reflect.Method.invoke(Method.java:577)
at org.testng.internal.MethodInvocationHelper.invokeMethod(MethodInvocationHelper.java:133)
at org.testng.internal.MethodInvocationHelper.invokeMethodConsideringTimeout(MethodInvocationHelper.java:62)
at org.testng.internal.ConfigInvoker.invokeConfigurationMethod(ConfigInvoker.java:340)
at org.testng.internal.ConfigInvoker.invokeConfigurations(ConfigInvoker.java:294)
at org.testng.internal.TestMethodWorker.invokeBeforeClassMethods(TestMethodWorker.java:176)
at org.testng.internal.TestMethodWorker.run(TestMethodWorker.java:122)
at java.base/java.util.ArrayList.forEach(ArrayList.java:1511)
at org.testng.TestRunner.privateRun(TestRunner.java:770)
at org.testng.TestRunner.run(TestRunner.java:591)
at org.testng.SuiteRunner.runTest(SuiteRunner.java:402)
at org.testng.SuiteRunner.runSequentially(SuiteRunner.java:396)
at org.testng.SuiteRunner.privateRun(SuiteRunner.java:355)
at org.testng.SuiteRunner.run(SuiteRunner.java:304)
at org.testng.SuiteRunnerWorker.runSuite(SuiteRunnerWorker.java:53)
at org.testng.SuiteRunnerWorker.run(SuiteRunnerWorker.java:96)
at org.testng.TestNG.runSuitesSequentially(TestNG.java:1180)
at org.testng.TestNG.runSuitesLocally(TestNG.java:1102)
at org.testng.TestNG.runSuites(TestNG.java:1032)
at org.testng.TestNG.run(TestNG.java:1000)
at org.testng.remote.AbstractRemoteTestNG.run(AbstractRemoteTestNG.java:115)
at org.testng.remote.RemoteTestNG.initAndRun(RemoteTestNG.java:251)
at org.testng.remote.RemoteTestNG.main(RemoteTestNG.java:77)
]]>
    </error>
  </testcase> <!-- OpenApllication -->
  <testcase classname="com.sportsocial.Homemodule.UploadMutilpestatus" name="UploadMutilpestatu" time="0.000">
    <skipped/>
  </testcase> <!-- UploadMutilpestatu -->
  <testcase classname="com.sportsocial.Homemodule.UploadMutilpestatus" name="UploadMutilpestatu" time="0.000">
    <skipped/>
  </testcase> <!-- UploadMutilpestatu -->
</testsuite> <!-- com.sportsocial.Homemodule.UploadMutilpestatus -->
